19:45:31.431 [main] DEBUG freemarker.cache - TemplateLoader.findTemplateSource("spark/partials/exceptýon_tr_TR.ftl"): Not found
19:45:31.435 [main] DEBUG freemarker.cache - TemplateLoader.findTemplateSource("spark/partials/exceptýon_tr.ftl"): Not found
19:45:31.437 [main] DEBUG freemarker.cache - TemplateLoader.findTemplateSource("spark/partials/exceptýon.ftl"): Not found
19:45:31.442 [main] ERROR freemarker.runtime - Error executing FreeMarker template
freemarker.core._MiscTemplateException: Template inclusion failed (for parameter value "partials/exceptýon.ftl"):
Template not found for name "spark/partials/exceptýon.ftl".
The name was interpreted by this TemplateLoader: ClassTemplateLoader(resourceLoaderClass=com.aventstack.extentreports.ExtentReports, basePackagePath="templates/" /* relatively to resourceLoaderClass pkg */).

----
FTL stack trace ("~" means nesting-related):
	- Failed at: #include "partials/${view.toString()}...  [in template "spark/spark.spa.ftl" at line 27, column 36]
----
	at freemarker.core.Include.accept(Include.java:164) ~[freemarker-2.3.31.jar:2.3.31]
	at freemarker.core.Environment.visit(Environment.java:383) ~[freemarker-2.3.31.jar:2.3.31]
	at freemarker.core.IteratorBlock$IterationContext.executedNestedContentForCollOrSeqListing(IteratorBlock.java:321) ~[freemarker-2.3.31.jar:2.3.31]
	at freemarker.core.IteratorBlock$IterationContext.executeNestedContent(IteratorBlock.java:271) ~[freemarker-2.3.31.jar:2.3.31]
	at freemarker.core.IteratorBlock$IterationContext.accept(IteratorBlock.java:244) ~[freemarker-2.3.31.jar:2.3.31]
	at freemarker.core.Environment.visitIteratorBlock(Environment.java:657) ~[freemarker-2.3.31.jar:2.3.31]
	at freemarker.core.IteratorBlock.acceptWithResult(IteratorBlock.java:108) ~[freemarker-2.3.31.jar:2.3.31]
	at freemarker.core.IteratorBlock.accept(IteratorBlock.java:94) ~[freemarker-2.3.31.jar:2.3.31]
	at freemarker.core.Environment.visit(Environment.java:347) ~[freemarker-2.3.31.jar:2.3.31]
	at freemarker.core.Environment.visit(Environment.java:353) ~[freemarker-2.3.31.jar:2.3.31]
	at freemarker.core.Environment.process(Environment.java:326) ~[freemarker-2.3.31.jar:2.3.31]
	at freemarker.template.Template.process(Template.java:383) ~[freemarker-2.3.31.jar:2.3.31]
	at com.aventstack.extentreports.templating.FreemarkerTemplate.processTemplate(FreemarkerTemplate.java:52) ~[extentreports-5.0.9.jar:?]
	at com.aventstack.extentreports.templating.FreemarkerTemplate.getSource(FreemarkerTemplate.java:39) ~[extentreports-5.0.9.jar:?]
	at com.aventstack.extentreports.templating.FreemarkerTemplate.writeTemplate(FreemarkerTemplate.java:45) ~[extentreports-5.0.9.jar:?]
	at com.aventstack.extentreports.reporter.AbstractFileReporter.processTemplate(AbstractFileReporter.java:74) ~[extentreports-5.0.9.jar:?]
	at com.aventstack.extentreports.reporter.ExtentSparkReporter.flush(ExtentSparkReporter.java:149) ~[extentreports-5.0.9.jar:?]
	at com.aventstack.extentreports.reporter.ExtentSparkReporter.access$100(ExtentSparkReporter.java:27) ~[extentreports-5.0.9.jar:?]
	at com.aventstack.extentreports.reporter.ExtentSparkReporter$1.onNext(ExtentSparkReporter.java:121) ~[extentreports-5.0.9.jar:?]
	at com.aventstack.extentreports.reporter.ExtentSparkReporter$1.onNext(ExtentSparkReporter.java:113) ~[extentreports-5.0.9.jar:?]
	at io.reactivex.rxjava3.subjects.PublishSubject$PublishDisposable.onNext(PublishSubject.java:310) ~[rxjava-3.0.4.jar:?]
	at io.reactivex.rxjava3.subjects.PublishSubject.onNext(PublishSubject.java:226) ~[rxjava-3.0.4.jar:?]
	at com.aventstack.extentreports.ReactiveSubject.onFlush(ReactiveSubject.java:83) ~[extentreports-5.0.9.jar:?]
	at com.aventstack.extentreports.AbstractProcessor.onFlush(AbstractProcessor.java:85) ~[extentreports-5.0.9.jar:?]
	at com.aventstack.extentreports.ExtentReports.flush(ExtentReports.java:279) ~[extentreports-5.0.9.jar:?]
	at Academy.Listeners.onFinish(Listeners.java:72) ~[classes/:?]
	at org.testng.TestRunner.fireEvent(TestRunner.java:923) ~[org.testng_7.4.0.r202105021533.jar:7.4.0]
	at org.testng.TestRunner.afterRun(TestRunner.java:887) ~[org.testng_7.4.0.r202105021533.jar:7.4.0]
	at org.testng.TestRunner.run(TestRunner.java:599) ~[org.testng_7.4.0.r202105021533.jar:7.4.0]
	at org.testng.SuiteRunner.runTest(SuiteRunner.java:377) ~[org.testng_7.4.0.r202105021533.jar:7.4.0]
	at org.testng.SuiteRunner.runSequentially(SuiteRunner.java:371) ~[org.testng_7.4.0.r202105021533.jar:7.4.0]
	at org.testng.SuiteRunner.privateRun(SuiteRunner.java:332) ~[org.testng_7.4.0.r202105021533.jar:7.4.0]
	at org.testng.SuiteRunner.run(SuiteRunner.java:276) ~[org.testng_7.4.0.r202105021533.jar:7.4.0]
	at org.testng.SuiteRunnerWorker.runSuite(SuiteRunnerWorker.java:53) ~[org.testng_7.4.0.r202105021533.jar:7.4.0]
	at org.testng.SuiteRunnerWorker.run(SuiteRunnerWorker.java:96) ~[org.testng_7.4.0.r202105021533.jar:7.4.0]
	at org.testng.TestNG.runSuitesSequentially(TestNG.java:1212) ~[org.testng_7.4.0.r202105021533.jar:7.4.0]
	at org.testng.TestNG.runSuitesLocally(TestNG.java:1134) ~[org.testng_7.4.0.r202105021533.jar:7.4.0]
	at org.testng.TestNG.runSuites(TestNG.java:1063) ~[org.testng_7.4.0.r202105021533.jar:7.4.0]
	at org.testng.TestNG.run(TestNG.java:1031) ~[org.testng_7.4.0.r202105021533.jar:7.4.0]
	at org.testng.remote.AbstractRemoteTestNG.run(AbstractRemoteTestNG.java:115) ~[testng-remote.jar:?]
	at org.testng.remote.RemoteTestNG.initAndRun(RemoteTestNG.java:251) ~[testng-remote.jar:?]
	at org.testng.remote.RemoteTestNG.main(RemoteTestNG.java:77) ~[testng-remote.jar:?]
Caused by: freemarker.template.TemplateNotFoundException: Template not found for name "spark/partials/exceptýon.ftl".
The name was interpreted by this TemplateLoader: ClassTemplateLoader(resourceLoaderClass=com.aventstack.extentreports.ExtentReports, basePackagePath="templates/" /* relatively to resourceLoaderClass pkg */).
	at freemarker.template.Configuration.getTemplate(Configuration.java:2883) ~[freemarker-2.3.31.jar:2.3.31]
	at freemarker.core.Environment.getTemplateForInclusion(Environment.java:2913) ~[freemarker-2.3.31.jar:2.3.31]
	at freemarker.core.Include.accept(Include.java:162) ~[freemarker-2.3.31.jar:2.3.31]
	... 41 more
